<?xml version="1.0" encoding="UTF-8"?>
<coverage generated="1589611225959" clover="3.2.0">
  <project timestamp="1589611225959" name="All files">
    <metrics statements="15" coveredstatements="15" conditionals="0" coveredconditionals="0" methods="5"
             coveredmethods="5" elements="20" coveredelements="20" complexity="0" loc="15" ncloc="15" packages="1"
             files="1" classes="1"/>
    <file name="encapsulation.js" path="/home/inarib/WebstormProjects/oop-principles3/encapsulation.js">
      <metrics statements="15" coveredstatements="15" conditionals="0" coveredconditionals="0" methods="5"
               coveredmethods="5"/>
      <line num="5" count="4" type="stmt"/>
      <line num="6" count="4" type="stmt"/>
      <line num="12" count="1" type="stmt"/>
      <line num="13" count="1" type="stmt"/>
      <line num="14" count="1" type="stmt"/>
      <line num="18" count="1" type="stmt"/>
      <line num="19" count="1" type="stmt"/>
      <line num="20" count="1" type="stmt"/>
      <line num="24" count="1" type="stmt"/>
      <line num="25" count="1" type="stmt"/>
      <line num="26" count="1" type="stmt"/>
      <line num="30" count="1" type="stmt"/>
      <line num="31" count="1" type="stmt"/>
      <line num="32" count="1" type="stmt"/>
      <line num="36" count="1" type="stmt"/>
    </file>
  </project>
</coverage>
