{
  "/home/inarib/WebstormProjects/oop-principles3/encapsulation.js": {
    "path": "/home/inarib/WebstormProjects/oop-principles3/encapsulation.js",
    "statementMap": {
      "0": {
        "start": {
          "line": 5,
          "column": 16
        },
        "end": {
          "line": 5,
          "column": 18
        }
      },
      "1": {
        "start": {
          "line": 6,
          "column": 16
        },
        "end": {
          "line": 6,
          "column": 25
        }
      },
      "2": {
        "start": {
          "line": 12,
          "column": 8
        },
        "end": {
          "line": 12,
          "column": 19
        }
      },
      "3": {
        "start": {
          "line": 13,
          "column": 8
        },
        "end": {
          "line": 13,
          "column": 19
        }
      },
      "4": {
        "start": {
          "line": 14,
          "column": 8
        },
        "end": {
          "line": 14,
          "column": 31
        }
      },
      "5": {
        "start": {
          "line": 18,
          "column": 8
        },
        "end": {
          "line": 18,
          "column": 19
        }
      },
      "6": {
        "start": {
          "line": 19,
          "column": 8
        },
        "end": {
          "line": 19,
          "column": 19
        }
      },
      "7": {
        "start": {
          "line": 20,
          "column": 8
        },
        "end": {
          "line": 20,
          "column": 31
        }
      },
      "8": {
        "start": {
          "line": 24,
          "column": 8
        },
        "end": {
          "line": 24,
          "column": 19
        }
      },
      "9": {
        "start": {
          "line": 25,
          "column": 8
        },
        "end": {
          "line": 25,
          "column": 19
        }
      },
      "10": {
        "start": {
          "line": 26,
          "column": 8
        },
        "end": {
          "line": 26,
          "column": 31
        }
      },
      "11": {
        "start": {
          "line": 30,
          "column": 8
        },
        "end": {
          "line": 30,
          "column": 19
        }
      },
      "12": {
        "start": {
          "line": 31,
          "column": 8
        },
        "end": {
          "line": 31,
          "column": 19
        }
      },
      "13": {
        "start": {
          "line": 32,
          "column": 8
        },
        "end": {
          "line": 32,
          "column": 31
        }
      },
      "14": {
        "start": {
          "line": 36,
          "column": 0
        },
        "end": {
          "line": 36,
          "column": 28
        }
      }
    },
    "fnMap": {
      "0": {
        "name": "(anonymous_0)",
        "decl": {
          "start": {
            "line": 3,
            "column": 4
          },
          "end": {
            "line": 3,
            "column": 5
          }
        },
        "loc": {
          "start": {
            "line": 3,
            "column": 18
          },
          "end": {
            "line": 7,
            "column": 5
          }
        },
        "line": 3
      },
      "1": {
        "name": "(anonymous_1)",
        "decl": {
          "start": {
            "line": 11,
            "column": 4
          },
          "end": {
            "line": 11,
            "column": 5
          }
        },
        "loc": {
          "start": {
            "line": 11,
            "column": 14
          },
          "end": {
            "line": 15,
            "column": 5
          }
        },
        "line": 11
      },
      "2": {
        "name": "(anonymous_2)",
        "decl": {
          "start": {
            "line": 17,
            "column": 4
          },
          "end": {
            "line": 17,
            "column": 5
          }
        },
        "loc": {
          "start": {
            "line": 17,
            "column": 19
          },
          "end": {
            "line": 21,
            "column": 5
          }
        },
        "line": 17
      },
      "3": {
        "name": "(anonymous_3)",
        "decl": {
          "start": {
            "line": 23,
            "column": 4
          },
          "end": {
            "line": 23,
            "column": 5
          }
        },
        "loc": {
          "start": {
            "line": 23,
            "column": 17
          },
          "end": {
            "line": 27,
            "column": 5
          }
        },
        "line": 23
      },
      "4": {
        "name": "(anonymous_4)",
        "decl": {
          "start": {
            "line": 29,
            "column": 4
          },
          "end": {
            "line": 29,
            "column": 5
          }
        },
        "loc": {
          "start": {
            "line": 29,
            "column": 19
          },
          "end": {
            "line": 33,
            "column": 5
          }
        },
        "line": 29
      }
    },
    "branchMap": {},
    "s": {
      "0": 4,
      "1": 4,
      "2": 1,
      "3": 1,
      "4": 1,
      "5": 1,
      "6": 1,
      "7": 1,
      "8": 1,
      "9": 1,
      "10": 1,
      "11": 1,
      "12": 1,
      "13": 1,
      "14": 1
    },
    "f": {
      "0": 4,
      "1": 1,
      "2": 1,
      "3": 1,
      "4": 1
    },
    "b": {},
    "_coverageSchema": "1a1c01bbd47fc00a2c39e90264f33305004495a9",
    "hash": "2ba0a8fa9ee1cd74e68e49cd445a3336e3fbaa26"
  }
}
